TN:
SF:src\owservable.actions.ts
FNF:0
FNH:0
DA:4,1
DA:5,1
DA:6,1
DA:17,1
DA:21,1
DA:22,1
DA:23,1
DA:34,1
DA:37,1
DA:38,1
LF:10
LH:10
BRF:0
BRH:0
end_of_record
TN:
SF:src\abstracts\action.ts
FN:3,(anonymous_0)
FN:8,(anonymous_1)
FN:12,(anonymous_2)
FN:16,(anonymous_3)
FNF:4
FNH:4
FNDA:6,(anonymous_0)
FNDA:3,(anonymous_1)
FNDA:3,(anonymous_2)
FNDA:3,(anonymous_3)
DA:3,2
DA:4,6
DA:5,6
DA:6,6
DA:9,3
DA:13,3
DA:17,3
LF:7
LH:7
BRF:0
BRH:0
end_of_record
TN:
SF:src\functions\find.command.action.ts
FN:7,(anonymous_0)
FNF:1
FNH:1
FNDA:12,(anonymous_0)
DA:3,2
DA:7,2
DA:8,12
DA:10,5
DA:11,5
DA:12,5
DA:13,3
DA:15,3
DA:16,3
DA:18,2
DA:21,3
DA:22,2
DA:27,4
DA:29,2
LF:14
LH:14
BRDA:13,0,0,0
BRDA:16,1,0,0
BRDA:16,1,1,2
BRDA:16,2,0,3
BRDA:16,2,1,2
BRDA:18,3,0,1
BRDA:21,4,0,2
BRDA:22,5,0,0
BRDA:22,5,1,2
BRF:9
BRH:6
end_of_record
TN:
SF:src\functions\get.option.and.default.value.ts
FN:3,(anonymous_0)
FNF:1
FNH:1
FNDA:7,(anonymous_0)
DA:3,3
DA:5,7
DA:8,7
DA:9,1
DA:10,1
DA:13,7
DA:15,3
LF:7
LH:7
BRDA:8,0,0,1
BRF:1
BRH:1
end_of_record
TN:
SF:src\functions\run.action.as.command.ts
FN:9,(anonymous_7)
FN:9,(anonymous_8)
FN:20,(anonymous_9)
FNF:3
FNH:3
FNDA:5,(anonymous_7)
FNDA:5,(anonymous_8)
FNDA:3,(anonymous_9)
DA:3,2
DA:4,2
DA:7,2
DA:9,5
DA:10,5
DA:11,5
DA:12,5
DA:14,5
DA:19,5
DA:20,5
DA:21,3
DA:22,3
DA:25,5
DA:27,5
DA:29,2
LF:15
LH:15
BRF:0
BRH:0
end_of_record
